<?xml version="1.0" encoding="UTF-8"?>
<testng-results skipped="0" failed="0" ignored="0" total="1" passed="1">
  <reporter-output>
  </reporter-output>
  <suite name="Default suite" duration-ms="13159" started-at="2020-08-23T21:42:19 IST" finished-at="2020-08-23T21:42:33 IST">
    <groups>
    </groups>
    <test name="Default test" duration-ms="13159" started-at="2020-08-23T21:42:19 IST" finished-at="2020-08-23T21:42:33 IST">
      <class name="TestCases.TC_001">
        <test-method status="PASS" signature="testcase1()[pri:0, instance:TestCases.TC_001@72b6cbcc]" name="testcase1" duration-ms="13080" started-at="2020-08-23T21:42:19 IST" finished-at="2020-08-23T21:42:33 IST">
          <reporter-output>
          </reporter-output>
        </test-method> <!-- testcase1 -->
      </class> <!-- TestCases.TC_001 -->
    </test> <!-- Default test -->
  </suite> <!-- Default suite -->
</testng-results>
